Array
(
    [username] => professor@email.com
    [password] => 123
)
Array
(
    [username] => professor@email.com
    [password] => 123
)
Array
(
    [username] => professor@email.com
    [password] => 123
)
Array
(
)
Array
(
)
Array
(
)
Array
(
    [username] => professor@email.com
    [password] => 123
)
Array
(
    [username] => professor@email.com
    [password] => 123
)
Array
(
    [username] => professor@email.com
    [password] => 123
)
Array
(
    [username] => professor@email.com
    [password] => 123
)
Array
(
    [username] => professor@email.com
    [password] => 123
)
Array
(
    [username] => professor@email.com
    [password] => 123
)
Array
(
    [username] => professor@email.com
    [password] => 123
)
Array
(
    [username] => professor@email.com
    [password] => 123
)
Array
(
    [username] => professor@email.com
    [password] => 123
)
Array
(
    [username] => professor@email.com
    [password] => 123
)
Array
(
    [id] => 3
    [nome] => Tarley Lana
    [email] => professor@email.com
    [idc_tipo_usuario] => 1
    [username] => professor@email.com
    [password] => 123
)
Array
(
    [id] => undefined
    [nome] => undefined
    [email] => undefined
    [idc_tipo_usuario] => undefined
    [username] => professor@email.com
    [password] => 123
)
Array
(
    [id] => undefined
    [nome] => undefined
    [email] => undefined
    [idc_tipo_usuario] => undefined
    [username] => professor@email.com
    [password] => 123
)
Array
(
    [username] => professor@email.com
    [password] => 123
)
Array
(
    [username] => professor@email.com
    [password] => 123
)
Array
(
    [username] => professor@email.com
    [password] => 123
)
Array
(
    [username] => professor@email.com
    [password] => 123
)
Array
(
    [username] => professor@email.com
    [password] => 123
)
Array
(
    [username] => professor@email.com
    [password] => 123
)
Array
(
    [username] => professor@email.com.br
    [password] => 123
)
Array
(
    [username] => professor@email.com.br
    [password] => 123
)
Array
(
    [username] => professor@email.com
    [password] => 123
)
Array
(
    [username] => professor@email.com
    [password] => 123
)
Array
(
    [username] => professor@email.com
    [password] => 123
)
Array
(
    [username] => professor@email.com
    [password] => 123
)
Array
(
    [username] => professor@email.com
    [password] => 123
)
Array
(
    [username] => professor@email.com
    [password] => 123
)
Array
(
    [username] => coordenador@email.com
    [password] => 123
)
Array
(
    [username] => coordenador@email.com
    [password] => 123
)
Array
(
    [username] => extensao@email.com
    [password] => 123
)
Array
(
    [username] => professor@email.com
    [password] => 123
)
Array
(
    [username] => professor@email.com
    [password] => 123
)
Array
(
    [username] => coordenador@email.com
    [password] => 123
)
Array
(
    [username] => administrador@email.com
    [password] => 123
)
Array
(
    [username] => extensao@email.com
    [password] => 123
)
Array
(
    [username] => professor@email.com
    [password] => 123
)
Array
(
    [username] => professor@email.com
    [password] => 123
)
Array
(
    [username] => professor@email.com
    [password] => 123
)
Array
(
    [username] => professor@email.com
    [password] => 123
)
Array
(
    [username] => professor@email.com
    [password] => Avrilteamos2
)
Array
(
    [username] => professor@email.com
    [password] => 123
)
Array
(
    [username] => professor@email.com
    [password] => 123
)
Array
(
    [username] => coordenador@email.com
    [password] => 123
)
Array
(
    [username] => professor@email.com
    [password] => 123
)
Array
(
    [username] => professor@email.com
    [password] => 123
)
Array
(
    [username] => coordenador@email.com
    [password] => 123
)
Array
(
    [username] => extensao@email.com
    [password] => 123
)
Array
(
    [username] => professor@email.com
    [password] => 123
)
Array
(
    [username] => professor@email.com
    [password] => 123
)
Array
(
    [username] => professor@email.com
    [password] => 123
)
Array
(
    [username] => professor@email.com.com
    [password] => 123
)
Array
(
    [username] => professor@email.com
    [password] => 123
)
Array
(
    [username] => coordenador@e,ail.;com
    [password] => 123
)
Array
(
    [username] => coordenador@email.;com
    [password] => 123
)
Array
(
    [username] => coordenador@email.;com
    [password] => 123
)
Array
(
    [username] => coordenador@email..com
    [password] => 123
)
Array
(
    [username] => coordenador@email.com
    [password] => 123
)
Array
(
    [username] => professor@email.com
    [password] => 123
)
Array
(
    [username] => coordenador@email.com
    [password] => 123
)
Array
(
    [username] => professor@email.com
    [password] => 123
)
Array
(
    [username] => professor@email.com
    [password] => 123
)
Array
(
    [username] => professor@email.com
    [password] => 123
)
Array
(
    [username] => professor@email.com
    [password] => 123
)
Array
(
    [username] => extensao@email.com
    [password] => 123
)
Array
(
    [username] => professor@email.com
    [password] => 123
)
Array
(
    [username] => professor@email.com
    [password] => 123
)
Array
(
    [username] => professor@email.com
    [password] => 123
)
Array
(
    [username] => extensao@email.com
    [password] => 123
)
Array
(
    [username] => extensao@email.com
    [password] => 123
)
Array
(
    [username] => extensao@email.com
    [password] => 123
)
Array
(
    [username] => professor@email.com
    [password] => 123
)
Array
(
    [username] => coordenador@email.com
    [password] => 123
)
Array
(
    [username] => professor@email.com
    [password] => 123
)
Array
(
    [username] => coordenador@email.com
    [password] => 123
)
Array
(
    [username] => coordenador@email.com
    [password] => 123
)
Array
(
    [username] => professor@email.com
    [password] => 123
)
Array
(
    [username] => professor@email.com
    [password] => 123
)
Array
(
    [username] => coordenador@email.com
    [password] => 123
)
Array
(
    [username] => extensao@email.com
    [password] => 123
)
Array
(
    [username] => extensao@email.com
    [password] => 123
)
Array
(
    [username] => extensao@email.com
    [password] => 123
)
Array
(
    [username] => extensao@email.com
    [password] => 123
)
Array
(
    [username] => professor@email.com
    [password] => 123
)
Array
(
    [username] => professor@email.com
    [password] => 123
)
Array
(
    [username] => extensao@email.com
    [password] => 123
)
Array
(
    [username] => extensao@email.com
    [password] => 123
)
Array
(
    [username] => extensao@email.com
    [password] => 123
)
Array
(
    [username] => professor@email.com
    [password] => 123
)
Array
(
    [username] => professor@email.com
    [password] => 123
)
Array
(
    [username] => professor
    [password] => 123
)
Array
(
    [username] => professor@email.com
    [password] => 123
)
Array
(
    [username] => extensao@email.com
    [password] => 123
)
Array
(
    [username] => extensao@email.com
    [password] => 123456
)
Array
(
    [username] => extensao@email.com
    [password] => 123
)
Array
(
    [username] => extensao@email.com
    [password] => 123
)
Array
(
    [username] => professor@email.com
    [password] => 123
)
Array
(
    [username] => professor@email.com
    [password] => 123
)
Array
(
    [username] => professor@email.com
    [password] => 123
)
Array
(
    [username] => professor@email.com
    [password] => 123
)
Array
(
    [username] => professor@email.com
    [password] => 123
)
Array
(
    [username] => professor@email.com
    [password] => 123
)
Array
(
    [username] => professor@email.com
    [password] => 123
)
Array
(
    [username] => professor@email.com
    [password] => 123
)
Array
(
    [username] => professor@email.com
    [password] => 123
)
Array
(
    [username] => professor@email.com
    [password] => 123
)
Array
(
    [username] => professor@email.com
    [password] => 123
)
Array
(
    [username] => professor@email.com
    [password] => 123
)
Array
(
    [username] => professor@email.com
    [password] => 123
)
Array
(
    [username] => professor@email.com
    [password] => 123
)
Array
(
    [username] => professor@email.com
    [password] => 123
)
Array
(
    [username] => professor@email.com
    [password] => 123
)
Array
(
    [username] => professor@email.com
    [password] => 123
)
Array
(
    [username] => professor@email.com
    [password] => 123
)
Array
(
    [username] => professor@email.com
    [password] => 123
)
Array
(
    [username] => professor@email.com
    [password] => 123
)
Array
(
    [username] => professor@email.com
    [password] => 123
)
Array
(
    [username] => professor@email.com
    [password] => 123
)
Array
(
    [username] => professor@email.com
    [password] => 123
)
Array
(
    [username] => professor@email.com
    [password] => 123
)
Array
(
    [username] => professor@email.com
    [password] => 123
)
Array
(
    [username] => extensao@email.com
    [password] => 123
)
Array
(
    [nome] => Gesley
    [email] => gesley@email.com
)
Array
(
    [nome] => Gesley
    [email] => gesley@email.com
)
Array
(
    [nome] => Gesley
    [email] => gesley@email.com
    [senha] => 123
)
Array
(
    [nome] => Gesley
    [email] => gesley@email.com
    [senha] => 123
    [tipo] => 
)
Array
(
    [nome] => Gesley
    [email] => gesley@email.com
    [senha] => 123
    [tipo] => 
)
Array
(
    [username] => professor@email.com
    [password] => 123
)
Array
(
    [email] => professor@email.com
    [senha] => 123
)
Array
(
    [email] => teste@email.com
    [senha] => 123
    [nome] => Teste
)
Array
(
    [email] => teste@email.com
    [senha] => 123
    [nome] => Teste
    [tipo] => 
)
Array
(
    [email] => teste@email.com
    [senha] => 123
    [nome] => Teste
    [tipo] => 
)
Array
(
    [email] => teste@email.com
    [senha] => 123
    [nome] => Teste
    [tipo] => 
)
Array
(
    [email] => teste@email.com
    [senha] => 123
    [nome] => Teste
    [tipo] => 
)
Array
(
    [email] => teste@email.com
    [senha] => 123
    [nome] => teste
    [tipo] => 1
)
Array
(
    [nome] => Gesley
    [email] => gesley@email.com
    [senha] => 123
)
Array
(
    [nome] => Gesley
    [email] => gesley@email.com
    [senha] => 123
)
Array
(
    [nome] => Gesley
    [email] => gesley@email.com
    [senha] => 123
)
Array
(
    [nome] => Gesley
    [email] => gesley@email.com
    [senha] => 123
    [tipo] => 1
)
Array
(
    [email] => teste@email.com
    [senha] => 123
    [nome] => Teste2
    [tipo] => 1
)
Array
(
    [username] => extensao@email.com
    [password] => 123
)
Array
(
    [username] => gesley@email.com
    [password] => 123
)
Array
(
    [nome] => leo
)
Array
(
)
Array
(
)
Array
(
    [nome] => leo
)
Array
(
    [nome] => leo
)
Array
(
    [nome] => monica
)
Array
(
    [nome] => leo
)
Array
(
    [username] => professor@email.com
    [password] => 123
)
Array
(
    [username] => extensao@email.com
    [password] => 123
)
Array
(
    [username] => professor@email.com
    [password] => 123
)
Array
(
    [username] => professor@email.com
    [password] => 123
)
Array
(
    [username] => professor@email.com
    [password] => 123]
)
Array
(
    [username] => professor@email.com
    [password] => 123
)
Array
(
    [username] => professor@email.comq
    [password] => 123
)
Array
(
    [username] => professor@email.com
    [password] => 123
)
Array
(
    [email] => extensao@email.com
    [nome] => Leonardo Silva
)
Array
(
    [email] => extensao@email.com
    [nome] => Leonardo Silva
)
Array
(
    [username] => professor@email.com
    [password] => 123
)
Array
(
    [username] => professor@email.com
)
Array
(
    [username] => professor@email.com
    [password] => 123
)
Array
(
    [username] => professor@email.com
    [password] => 123
)
Array
(
    [username] => professor@email.com
    [password] => 123
)
Array
(
    [tipo] => 1
)
Array
(
    [tipo] => 1
)
Array
(
    [tipo] => 2
)
Array
(
)
Array
(
)
Array
(
    [username] => professor@email.com
    [password] => 125
)
Array
(
    [username] => professor@email.com
    [password] => 123
)
Array
(
    [nome] => gesley
)
Array
(
    [nome] => 
    [tipo] => 1
)
Array
(
    [nome] => 
    [tipo] => 2
)
Array
(
    [nome] => 
    [tipo] => 3
)
Array
(
    [nome] => gesley
)
Array
(
    [nome] => 
    [tipo] => 1
)
Array
(
)
Array
(
    [tipo] => 2
)
Array
(
)
Array
(
    [tipo] => 1
)
Array
(
    [tipo] => 1
)
Array
(
)
Array
(
    [tipo] => 1
)
Array
(
    [tipo] => 3
)
Array
(
)
Array
(
    [tipo] => 1
)
Array
(
    [tipo] => 1
)
Array
(
    [tipo] => 2
)
Array
(
    [tipo] => 3
)
Array
(
    [nome] => gesley
)
Array
(
    [nome] => 
    [tipo] => 1
)
Array
(
    [nome] => 
    [tipo] => 2
)
Array
(
    [nome] => 
    [tipo] => 2
)
Array
(
    [nome] => 
    [tipo] => 1
)
Array
(
    [tipo] => 1
)
Array
(
    [tipo] => 2
)
Array
(
    [tipo] => 3
)
Array
(
    [tipo] => 1
)
Array
(
    [tipo] => 1
)
Array
(
    [tipo] => 1
)
Array
(
    [tipo] => 3
)
Array
(
    [username] => extensao@email.com
    [password] => 123
)
Array
(
    [username] => professor@email.com
    [password] => 123
)
Array
(
)
Array
(
)
Array
(
    [username] => professor@email.com
    [password] => 123
)
Array
(
    [username] => professor@email.com
    [password] => 123
)
Array
(
    [username] => professor@email.com
    [password] => 123
)
Array
(
    [username] => professor@email.com
    [password] => 123
)
Array
(
    [username] => professor@email.com
    [password] => 123
)
Array
(
    [username] => coordernador@email.com
    [password] => 123
)
Array
(
    [username] => coordernador@email.com
    [password] => 123
)
Array
(
    [username] => coordernador@email.com
    [password] => 123
)
Array
(
    [username] => coordenador@email.com
    [password] => 123
)
Array
(
    [username] => coordenador@email.com
    [password] => 123
)
Array
(
    [username] => extensao@email.com
    [password] => 123
)
Array
(
    [username] => coordenador@email.com
    [password] => 123
)
Array
(
    [username] => professor@email.com
    [password] => 123
)
Array
(
    [username] => coordenador@email.com
    [password] => 123
)
Array
(
    [username] => professor@email.com
    [password] => 123
)
Array
(
    [username] => professor@email.com
    [password] => 123
)
Array
(
    [username] => professor@email.com
    [password] => 123
)
Array
(
    [username] => professor@email.com
    [password] => 123
)
Array
(
    [username] => professor@email.com
    [password] => 123
)
Array
(
    [username] => professor@email.com
    [password] => 123
)
Array
(
    [username] => coordenador@email.com
    [password] => 123
)
Array
(
    [username] => extensao@email.com
    [password] => 123
)
Array
(
    [email] => professor@email.com
    [senha] => 123
    [tipo] => 1
)
Array
(
    [email] => professor@email.com
    [senha] => 123
    [tipo] => 2
)
Array
(
    [email] => professor@email.com
    [senha] => 123
    [tipo] => 3
)
Array
(
    [email] => 
    [senha] => 
    [tipo] => 3
)
Array
(
    [email] => 
    [senha] => 
    [tipo] => 2
)
Array
(
    [email] => 
    [senha] => 
    [tipo] => 1
)
Array
(
    [email] => iremar@email.com
    [senha] => 123
    [tipo] => 1
    [nome] => Iremar
)
Array
(
    [email] => iremar@email.com
    [senha] => 123
    [tipo] => 1
    [nome] => Iremar
)
Array
(
    [email] => 
    [senha] => 
)
Array
(
    [username] => professor@email.com
    [password] => 123
)
Array
(
    [tipo] => 2
)
Array
(
    [tipo] => 2
)
Array
(
    [tipo] => 2
)
Array
(
    [tipo] => 2
)
Array
(
    [username] => professor@email.com
    [password] => 123
)
Array
(
    [tipo] => 2
)
Array
(
    [tipo] => 2
)
Array
(
    [username] => professor@email.com
    [password] => 123
)
Array
(
    [tipo] => 2
)
Array
(
    [tipo] => 2
)
Array
(
    [tipo] => 2
)
Array
(
    [username] => professor@email.com
    [password] => 123
)
Array
(
    [tipo] => 2
)
Array
(
    [username] => gesley@email.com
    [password] => 123
)
Array
(
    [tipo] => 2
)
Array
(
    [tipo] => 2
)
Array
(
    [tipo] => 2
)
Array
(
    [username] => professor@email.com
)
Array
(
    [username] => professor@email.com
    [password] => caiovs13
)
Array
(
    [username] => professor@email.com
    [password] => 123
)
Array
(
    [tipo] => 2
)
Array
(
    [tipo] => 2
)
Array
(
    [tipo] => 2
)
Array
(
    [tipo] => 2
)
Array
(
    [tipo] => 2
)
Array
(
    [tipo] => 2
)
Array
(
    [tipo] => 2
)
Array
(
    [tipo] => 2
)
Array
(
    [tipo] => 2
)
Array
(
    [tipo] => 2
)
Array
(
    [tipo] => 2
)
Array
(
    [tipo] => 2
)
Array
(
    [tipo] => 2
)
Array
(
    [tipo] => 2
)
Array
(
    [tipo] => 2
)
Array
(
    [tipo] => 2
)
Array
(
    [username] => professor@email.com
    [password] => 123
)
Array
(
    [tipo] => 2
)
Array
(
    [tipo] => 2
)
Array
(
    [tipo] => 2
)
Array
(
    [tipo] => 2
)
Array
(
    [tipo] => 2
)
Array
(
    [tipo] => 2
)
Array
(
    [tipo] => 2
)
Array
(
    [tipo] => 2
)
Array
(
    [tipo] => 2
)
Array
(
    [tipo] => 2
)
Array
(
    [tipo] => 2
)
Array
(
    [tipo] => 2
)
Array
(
    [tipo] => 2
)
Array
(
    [tipo] => 2
)
Array
(
    [tipo] => 2
)
Array
(
    [tipo] => 2
)
Array
(
    [tipo] => 2
)
Array
(
    [tipo] => 2
)
Array
(
    [tipo] => 2
)
Array
(
    [tipo] => 2
)
Array
(
    [username] => extensao@email.com
    [password] => 123
)
Array
(
    [username] => professor@email.com
    [password] => 123
)
Array
(
    [username] => extensao@email.com
    [password] => 123
)
Array
(
    [username] => coordenador@email.com
    [password] => 123
)
Array
(
    [tipo] => 2
)
Array
(
    [tipo] => 2
)
Array
(
    [username] => professor@email.com
    [password] => 123
)
Array
(
    [tipo] => 2
)
Array
(
    [tipo] => 2
)
Array
(
    [tipo] => 2
)
Array
(
    [tipo] => 2
)
Array
(
    [tipo] => 2
)
Array
(
    [tipo] => 2
)
Array
(
    [tipo] => 2
)
Array
(
    [tipo] => 2
)
Array
(
    [tipo] => 2
)
Array
(
    [tipo] => 2
)
Array
(
    [tipo] => 2
)
Array
(
    [tipo] => 2
)
Array
(
    [tipo] => 2
)
Array
(
    [tipo] => 2
)
Array
(
    [tipo] => 2
)
Array
(
    [tipo] => 2
)
Array
(
    [tipo] => 2
)
Array
(
    [tipo] => 2
)
Array
(
    [tipo] => 2
)
Array
(
    [tipo] => 2
)
Array
(
    [tipo] => 2
)
Array
(
    [username] => coordenador@email.com
    [password] => 123
)
Array
(
    [tipo] => 2
)
Array
(
    [tipo] => 2
)
Array
(
    [tipo] => 2
)
Array
(
    [username] => coordenador@email.com
    [password] => 123
)
Array
(
    [username] => extensao@email.com
    [password] => 123
)
Array
(
    [tipo] => 2
)
Array
(
    [username] => professor@email.com
    [password] => 123
)
Array
(
    [tipo] => 2
)
Array
(
    [tipo] => 2
)
Array
(
    [tipo] => 2
)
Array
(
    [tipo] => 2
)
Array
(
    [username] => coordenador@email.com
    [password] => 123
)
Array
(
    [username] => extensao@email.com
    [password] => 123
)
Array
(
    [username] => professor@email.com
    [password] => 123
)
Array
(
    [tipo] => 2
)
Array
(
    [username] => professor@email.com
    [password] => 123
)
Array
(
    [username] => professor@email.com
    [password] => 123
)
Array
(
    [username] => extensao@emai.com
    [password] => 123
)
Array
(
    [username] => extensao@email.com
    [password] => 123
)
Array
(
    [username] => coordenador@email.com
    [password] => 123
)
Array
(
    [username] => professoe@email.com
    [password] => 123
)
Array
(
    [username] => professor@email.com
    [password] => 123
)
Array
(
    [username] => professor@email.com
    [password] => 123
)
Array
(
    [username] => extensao@email.com
    [password] => 123
)
Array
(
    [username] => extensao@email.com
    [password] => 123
)
Array
(
    [username] => professor@email.com
    [password] => 123
)
Array
(
    [username] => professor@email.com
    [password] => 123
)
Array
(
    [username] => professor@email.com
    [password] => 123
)
Array
(
    [tipo] => 2
)
Array
(
    [username] => coordenador@email.com
    [password] => 123
)
Array
(
    [username] => professor@email.com
    [password] => 123
)
Array
(
    [username] => professor@email.com
    [password] => 123
)
Array
(
    [tipo] => 2
)
Array
(
    [tipo] => 2
)
Array
(
    [tipo] => 2
)
Array
(
    [tipo] => 2
)
Array
(
    [tipo] => 2
)
Array
(
    [tipo] => 2
)
Array
(
    [tipo] => 2
)
Array
(
    [tipo] => 2
)
Array
(
    [tipo] => 2
)
Array
(
    [username] => professor@email.com
    [password] => 123
)
Array
(
    [username] => extensao@email.com
    [password] => 123
)
Array
(
    [username] => coordenador@email.com
    [password] => 123
)
Array
(
    [tipo] => 2
)
Array
(
    [tipo] => 2
)
Array
(
    [tipo] => 2
)
Array
(
    [tipo] => 1
    [nome] => Anton
    [email] => anton@email.com
    [senha] => 123
)
Array
(
    [tipo] => 1
    [nome] => Anton
    [email] => anton@email.com
    [senha] => 123
)
Array
(
    [tipo] => 1
    [nome] => Anton
    [email] => anton@email.com
    [senha] => 123
)
Array
(
    [tipo] => 1
    [nome] => Anton
    [email] => anton@email.com
    [senha] => 123
)
Array
(
    [tipo] => 2
    [nome] => Anton
    [email] => anton@email.com
    [senha] => 123
)
Array
(
    [tipo] => 2
    [nome] => Anton
    [email] => anton@email.com
    [senha] => 123
)
Array
(
    [tipo] => 3
    [nome] => Anton
    [email] => anton@email.com
    [senha] => 123
)
